Removed Pin From Net: NetName=+15V Pin=15V-1
Removed Pin From Net: NetName=+15V Pin=C4-1
Removed Pin From Net: NetName=+15V Pin=C5-1
Removed Pin From Net: NetName=+15V Pin=D1-A
Removed Pin From Net: NetName=+15V Pin=L1-2
Removed Pin From Net: NetName=+15V Pin=R2-2
Removed Pin From Net: NetName=+15V Pin=R26-1
Removed Pin From Net: NetName=+15V Pin=R27-1
Removed Pin From Net: NetName=+15V Pin=R46-1
Removed Pin From Net: NetName=IBUS Pin=R60-1
Removed Pin From Net: NetName=IBUS Pin=R70-1
Change Component Comment : Designator=R80 Old Comment=0.3次㊣1% New Comment=0.2次㊣1%
Change Component Comment : Designator=R50 Old Comment=1K New Comment=2K
Change Component Comment : Designator=R81 Old Comment=1K New Comment=2K
Change Component Comment : Designator=R82 Old Comment=1K New Comment=2K
Change Component Comment : Designator=R83 Old Comment=1K New Comment=2K
Change Component Comment : Designator=R84 Old Comment=1K New Comment=2K
Change Component Comment : Designator=C26 Old Comment=1nF/50V New Comment=10nF/50V
Change Component Comment : Designator=R28 Old Comment=2K New Comment=10K
Change Component Comment : Designator=R29 Old Comment=2K New Comment=10K
Change Component Comment : Designator=R40 Old Comment=2K New Comment=10K
Change Component Comment : Designator=R42 Old Comment=2K New Comment=10K
Change Component Comment : Designator=R47 Old Comment=3K New Comment=2K4
Change Component Comment : Designator=R48 Old Comment=3K New Comment=NC
Change Component Comment : Designator=R23 Old Comment=8.2K New Comment=100K
Change Component Comment : Designator=R25 Old Comment=8.2K New Comment=100K
Change Component Comment : Designator=R38 Old Comment=8.2K New Comment=100K
Change Component Comment : Designator=R43 Old Comment=8.2K New Comment=100K
Change Component Comment : Designator=C18 Old Comment=10nF/50V New Comment=4.7nF/50V
Change Component Comment : Designator=R13 Old Comment=15R/1206 New Comment=150R/1206
Change Component Comment : Designator=R1 Old Comment=15R/1206 New Comment=NC
Change Component Comment : Designator=R24 Old Comment=100R New Comment=1K
Change Component Comment : Designator=R51 Old Comment=100次㊣1% New Comment=10次㊣1%
Change Component Comment : Designator=R61 Old Comment=100次㊣1% New Comment=10次㊣1%
Change Component Comment : Designator=R71 Old Comment=100次㊣1% New Comment=10次㊣1%
Change Component Comment : Designator=R11 Old Comment=300R New Comment=150R/0603
Change Component Designator: OldDesignator=15V NewDesignator=12V
Change Net Name : Old Net Name=IBUS New Net Name=IB
Change Net Name : Old Net Name=IU+ New Net Name=NetQ6_S
Change Net Name : Old Net Name=IV+ New Net Name=NetQ8_S
Added Pin To Net: NetName=+12V Pin=12V-1
Added Pin To Net: NetName=+12V Pin=C5-1
Added Pin To Net: NetName=+12V Pin=R2-2
Added Pin To Net: NetName=+12V Pin=R26-1
Added Pin To Net: NetName=+12V Pin=R27-1
Added Pin To Net: NetName=+12V Pin=R46-1
Added Net: Name=+12V
Added Pin To Net: NetName=IBUS Pin=R60-1
Added Pin To Net: NetName=IBUS Pin=R70-1
Added Net: Name=IBUS
Added Pin To Net: NetName=NetC4_1 Pin=C4-1
Added Pin To Net: NetName=NetC4_1 Pin=D1-A
Added Pin To Net: NetName=NetC4_1 Pin=L1-2
Added Net: Name=NetC4_1
